npm warn config production Use `--omit=dev` instead.

up to date, audited 524 packages in 2s

66 packages are looking for funding
  run `npm fund` for details

8 moderate severity vulnerabilities
To address issues that do not require attention, run:
  npm audit fix
To address all issues (including breaking changes), run:
  npm audit fix --force
Run `npm audit` for details.

Starting Railway build process...

Building backend...

npm warn config production Use `--omit=dev` instead.

server/routes.ts(71,50): error TS2345: Argument of type '{ name?: string; message?: string; email?: string; }' is not assignable to parameter of type 'ContactFormData'.

  Property 'name' is optional in type '{ name?: string; message?: string; email?: string; }' but required in type 'ContactFormData'.
level:
"info"
source:
"buildkit"
stream:
1
timestamp:
"2025-04-08T15:05:03.385062505Z"
type:
"log"
vertex:
"sha256:f0bafc49448a8d9fbbaa3b4832298a02e0e0c21957329ebc9beb09f13136ccfe"

server/storage.ts(29,30): error TS2339: Property 'username' does not exist on type '{}'.

level:
"info"
source:
"buildkit"
stream:
1
timestamp:
"2025-04-08T15:05:03.385323308Z"
type:
"log"
vertex:
"sha256:f0bafc49448a8d9fbbaa3b4832298a02e0e0c21957329ebc9beb09f13136ccfe"

server/storage.ts(30,30): error TS2339: Property 'password' does not exist on type '{}'.

server/storage.ts(61,28): error TS2339: Property 'username' does not exist on type '{}'.

server/storage.ts(62,28): error TS2339: Property 'password' does not exist on type '{}'.

level:
"info"
source:
"buildkit"
stream:
1
timestamp:
"2025-04-08T15:05:03.385383419Z"
type:
"log"
vertex:
"sha256:f0bafc49448a8d9fbbaa3b4832298a02e0e0c21957329ebc9beb09f13136ccfe"

server/vite.ts(39,5): error TS2322: Type '{ middlewareMode: boolean; hmr: { server: Server<typeof IncomingMessage, typeof ServerResponse>; }; allowedHosts: boolean; }' is not assignable to type 'ServerOptions'.

  Types of property 'allowedHosts' are incompatible.
    Type 'boolean' is not assignable to type 'true | string[]'.
level:
"info"
source:
"buildkit"
stream:
1
timestamp:
"2025-04-08T15:05:03.38542887Z"
type:
"log"
vertex:
"sha256:f0bafc49448a8d9fbbaa3b4832298a02e0e0c21957329ebc9beb09f13136ccfe"

Railway build failed: Error: Command failed: npx tsc --project tsconfig.railway.json --noEmitOnError
    at checkExecSyncError (node:child_process:890:11)
    at execSync (node:child_process:962:15)
    at file:///app/railway-build.mjs:23:3
    at ModuleJob.run (node:internal/modules/esm/module_job:195:25)
    at async ModuleLoader.import (node:internal/modules/esm/loader:337:24)
    at async loadESM (node:internal/process/esm_loader:34:7)
    at async handleMainPromise (node:internal/modules/run_main:106:12) {
  status: 2,
  signal: null,
  output: [ null, null, null ],
  pid: 30,
  stdout: null,
  stderr: null
}