npm warn config production Use `--omit=dev` instead.

up to date, audited 524 packages in 2s

66 packages are looking for funding

  run `npm fund` for details

8 moderate severity vulnerabilities
To address issues that do not require attention, run:
  npm audit fix
To address all issues (including breaking changes), run:
  npm audit fix --force
Run `npm audit` for details.

Starting Railway build process...

Building backend...

npm warn config production Use `--omit=dev` instead.

server/routes.ts(71,50): error TS2345: Argument of type '{ name?: string; message?: string; email?: string; }' is not assignable to parameter of type 'ContactFormData'.

  Property 'name' is optional in type '{ name?: string; message?: string; email?: string; }' but required in type 'ContactFormData'.

server/storage.ts(28,15): error TS2769: No overload matches this call.

  Overload 1 of 2, '(value: { username: string | SQL<unknown> | Placeholder<string, any>; password: string | SQL<unknown> | Placeholder<string, any>; }): PgInsertBase<PgTableWithColumns<{ name: "users"; schema: undefined; columns: { ...; }; dialect: "pg"; }>, ... 4 more ..., never>', gave the following error.
    Argument of type '{}' is not assignable to parameter of type '{ username: string | SQL<unknown> | Placeholder<string, any>; password: string | SQL<unknown> | Placeholder<string, any>; }'.
      Type '{}' is missing the following properties from type '{ username: string | SQL<unknown> | Placeholder<string, any>; password: string | SQL<unknown> | Placeholder<string, any>; }': username, password
  Overload 2 of 2, '(values: { username: string | SQL<unknown> | Placeholder<string, any>; password: string | SQL<unknown> | Placeholder<string, any>; }[]): PgInsertBase<PgTableWithColumns<{ name: "users"; schema: undefined; columns: { ...; }; dialect: "pg"; }>, ... 4 more ..., never>', gave the following error.
    Argument of type '{}' is not assignable to parameter of type '{ username: string | SQL<unknown> | Placeholder<string, any>; password: string | SQL<unknown> | Placeholder<string, any>; }[]'.
      Type '{}' is missing the following properties from type '{ username: string | SQL<unknown> | Placeholder<string, any>; password: string | SQL<unknown> | Placeholder<string, any>; }[]': length, pop, push, concat, and 35 more.

server/storage.ts(56,11): error TS2739: Type '{ id: number; }' is missing the following properties from type '{ id: number; username: string; password: string; }': username, password


server/vite.ts(39,5): error TS2322: Type '{ middlewareMode: boolean; hmr: { server: Server<typeof IncomingMessage, typeof ServerResponse>; }; allowedHosts: boolean; }' is not assignable to type 'ServerOptions'.

  Types of property 'allowedHosts' are incompatible.
    Type 'boolean' is not assignable to type 'true | string[]'.

shared/schema.ts(12,3): error TS2322: Type 'boolean' is not assignable to type 'never'.

shared/schema.ts(13,3): error TS2322: Type 'boolean' is not assignable to type 'never'.


Railway build failed: Error: Command failed: npx tsc --project tsconfig.railway.json
    at checkExecSyncError (node:child_process:890:11)
    at execSync (node:child_process:962:15)
    at file:///app/railway-build.mjs:22:3
    at ModuleJob.run (node:internal/modules/esm/module_job:195:25)
    at async ModuleLoader.import (node:internal/modules/esm/loader:337:24)
    at async loadESM (node:internal/process/esm_loader:34:7)
    at async handleMainPromise (node:internal/modules/run_main:106:12) {
  status: 2,
  signal: null,
  output: [ null, null, null ],
  pid: 30,
  stdout: null,
  stderr: null
}